============================================================
Delegating PM_M365_001 to Gemini 2.5 Pro
============================================================

Calling Gemini 2.5 Pro...
Traceback (most recent call last):
  File "C:\Dhruv\sga-qa-system\scripts\ai-team\delegate_m365.py", line 402, in main
    print(f"\n\u2713 SUCCESS!")
    ~~~~~^^^^^^^^^^^^^^^^^
  File "C:\Program Files\WindowsApps\PythonSoftwareFoundation.Python.3.13_3.13.2544.0_x64__qbz5n2kfra8p0\Lib\encodings\cp1252.py", line 19, in encode
    return codecs.charmap_encode(input,self.errors,encoding_table)[0]
           ~~~~~~~~~~~~~~~~~~~~~^^^^^^^^^^^^^^^^^^^^^^^^^^^^^^^^^^
UnicodeEncodeError: 'charmap' codec can't encode character '\u2713' in position 2: character maps to <undefined>

During handling of the above exception, another exception occurred:

Traceback (most recent call last):
  File "C:\Dhruv\sga-qa-system\scripts\ai-team\delegate_m365.py", line 413, in <module>
    main()
    ~~~~^^
  File "C:\Dhruv\sga-qa-system\scripts\ai-team\delegate_m365.py", line 409, in main
    print(f"\n\u2717 ERROR: {str(e)}")
    ~~~~~^^^^^^^^^^^^^^^^^^^^^^^^
  File "C:\Program Files\WindowsApps\PythonSoftwareFoundation.Python.3.13_3.13.2544.0_x64__qbz5n2kfra8p0\Lib\encodings\cp1252.py", line 19, in encode
    return codecs.charmap_encode(input,self.errors,encoding_table)[0]
           ~~~~~~~~~~~~~~~~~~~~~^^^^^^^^^^^^^^^^^^^^^^^^^^^^^^^^^^
UnicodeEncodeError: 'charmap' codec can't encode character '\u2717' in position 2: character maps to <undefined>
